<?xml version="1.0" encoding="UTF-8"?>
<testng-results skipped="0" failed="0" ignored="0" total="1" passed="1">
  <reporter-output>
  </reporter-output>
  <suite name="Suite1" duration-ms="31341" started-at="2020-03-19T17:12:31Z" finished-at="2020-03-19T17:13:03Z">
    <groups>
    </groups>
    <test name="Nopackage" duration-ms="31341" started-at="2020-03-19T17:12:31Z" finished-at="2020-03-19T17:13:03Z">
      <class name="TestNGFirst">
        <test-method status="PASS" signature="test()[pri:0, instance:TestNGFirst@1f1c7bf6]" name="test" is-config="true" duration-ms="26660" started-at="2020-03-19T17:12:31Z" finished-at="2020-03-19T17:12:58Z">
          <reporter-output>
          </reporter-output>
        </test-method> <!-- test -->
        <test-method status="PASS" signature="Login(java.lang.String, java.lang.String)[pri:0, instance:TestNGFirst@1f1c7bf6]" name="Login" duration-ms="3618" started-at="2020-03-19T17:12:58Z" finished-at="2020-03-19T17:13:02Z">
          <params>
            <param index="0">
              <value>
                <![CDATA[8951085668]]>
              </value>
            </param>
            <param index="1">
              <value>
                <![CDATA[12345]]>
              </value>
            </param>
          </params>
          <reporter-output>
          </reporter-output>
        </test-method> <!-- Login -->
        <test-method status="PASS" signature="logout()[pri:0, instance:TestNGFirst@1f1c7bf6]" name="logout" is-config="true" duration-ms="971" started-at="2020-03-19T17:13:02Z" finished-at="2020-03-19T17:13:03Z">
          <reporter-output>
          </reporter-output>
        </test-method> <!-- logout -->
      </class> <!-- TestNGFirst -->
    </test> <!-- Nopackage -->
  </suite> <!-- Suite1 -->
</testng-results>
